{"meta": {"format": 2, "version": "7.5.3", "timestamp": "2024-07-30T20:14:37.983445", "branch_coverage": false, "show_contexts": false}, "files": {"cvx/linalg/__init__.py": {"executed_lines": [14, 15, 17, 18, 19], "summary": {"covered_lines": 4, "num_statements": 4, "percent_covered": 100.0, "percent_covered_display": "100", "missing_lines": 0, "excluded_lines": 0}, "missing_lines": [], "excluded_lines": []}, "cvx/linalg/cholesky.py": {"executed_lines": [14, 15, 17, 19, 22, 26], "summary": {"covered_lines": 5, "num_statements": 5, "percent_covered": 100.0, "percent_covered_display": "100", "missing_lines": 0, "excluded_lines": 0}, "missing_lines": [], "excluded_lines": []}, "cvx/linalg/pca.py": {"executed_lines": [14, 15, 17, 19, 21, 24, 25, 26, 27, 29, 30, 31, 37, 38, 41, 44, 45, 46, 48, 50, 52, 53, 54, 58, 59, 60, 62, 63, 64, 66, 67, 68, 70, 71, 72], "summary": {"covered_lines": 34, "num_statements": 34, "percent_covered": 100.0, "percent_covered_display": "100", "missing_lines": 0, "excluded_lines": 0}, "missing_lines": [], "excluded_lines": []}, "cvx/linalg/random.py": {"executed_lines": [14, 16, 19, 20, 21], "summary": {"covered_lines": 5, "num_statements": 5, "percent_covered": 100.0, "percent_covered_display": "100", "missing_lines": 0, "excluded_lines": 0}, "missing_lines": [], "excluded_lines": []}, "cvx/linalg/types.py": {"executed_lines": [14, 15, 16, 18], "summary": {"covered_lines": 4, "num_statements": 4, "percent_covered": 100.0, "percent_covered_display": "100", "missing_lines": 0, "excluded_lines": 0}, "missing_lines": [], "excluded_lines": []}, "cvx/linalg/valid.py": {"executed_lines": [14, 15, 17, 19, 22, 31, 32, 34, 35], "summary": {"covered_lines": 8, "num_statements": 8, "percent_covered": 100.0, "percent_covered_display": "100", "missing_lines": 0, "excluded_lines": 0}, "missing_lines": [], "excluded_lines": []}, "cvx/markowitz/__init__.py": {"executed_lines": [0], "summary": {"covered_lines": 0, "num_statements": 0, "percent_covered": 100.0, "percent_covered_display": "100", "missing_lines": 0, "excluded_lines": 0}, "missing_lines": [], "excluded_lines": []}, "cvx/markowitz/builder.py": {"executed_lines": [14, 16, 17, 18, 19, 20, 22, 23, 25, 26, 27, 28, 29, 30, 31, 32, 35, 38, 39, 42, 43, 44, 45, 47, 51, 52, 53, 54, 60, 62, 64, 68, 70, 71, 73, 75, 76, 77, 79, 80, 82, 83, 84, 85, 86, 88, 89, 90, 92, 93, 94, 96, 97, 98, 100, 101, 102, 104, 105, 106, 109, 110, 111, 112, 113, 114, 115, 116, 118, 120, 121, 124, 128, 132, 135, 137, 141, 144, 148, 149, 150, 155, 159, 160, 163, 165, 166, 168, 170, 171, 172, 174, 175, 176, 178, 179, 180], "summary": {"covered_lines": 97, "num_statements": 97, "percent_covered": 100.0, "percent_covered_display": "100", "missing_lines": 0, "excluded_lines": 0}, "missing_lines": [], "excluded_lines": []}, "cvx/markowitz/cvxerror.py": {"executed_lines": [14, 15], "summary": {"covered_lines": 2, "num_statements": 2, "percent_covered": 100.0, "percent_covered_display": "100", "missing_lines": 0, "excluded_lines": 0}, "missing_lines": [], "excluded_lines": []}, "cvx/markowitz/model.py": {"executed_lines": [14, 16, 18, 19, 21, 23, 26, 27, 28, 30, 31, 32, 34, 35, 40, 41, 46, 50], "summary": {"covered_lines": 16, "num_statements": 16, "percent_covered": 100.0, "percent_covered_display": "100", "missing_lines": 0, "excluded_lines": 0}, "missing_lines": [], "excluded_lines": []}, "cvx/markowitz/models/__init__.py": {"executed_lines": [0], "summary": {"covered_lines": 0, "num_statements": 0, "percent_covered": 100.0, "percent_covered_display": "100", "missing_lines": 0, "excluded_lines": 0}, "missing_lines": [], "excluded_lines": []}, "cvx/markowitz/models/bounds.py": {"executed_lines": [14, 15, 17, 19, 20, 22, 23, 24, 27, 28, 29, 30, 32, 34, 36, 37, 39, 40, 45, 51, 52, 55, 59, 60], "summary": {"covered_lines": 23, "num_statements": 23, "percent_covered": 100.0, "percent_covered_display": "100", "missing_lines": 0, "excluded_lines": 0}, "missing_lines": [], "excluded_lines": []}, "cvx/markowitz/models/expected_returns.py": {"executed_lines": [14, 15, 17, 19, 20, 22, 23, 24, 25, 26, 29, 30, 31, 33, 34, 41, 48, 49, 53, 54, 55, 58, 59, 60, 62], "summary": {"covered_lines": 23, "num_statements": 23, "percent_covered": 100.0, "percent_covered_display": "100", "missing_lines": 0, "excluded_lines": 0}, "missing_lines": [], "excluded_lines": []}, "cvx/markowitz/models/holding_costs.py": {"executed_lines": [14, 15, 17, 19, 20, 22, 23, 24, 25, 28, 29, 30, 32, 33, 37, 38, 42, 43], "summary": {"covered_lines": 16, "num_statements": 16, "percent_covered": 100.0, "percent_covered_display": "100", "missing_lines": 0, "excluded_lines": 0}, "missing_lines": [], "excluded_lines": []}, "cvx/markowitz/models/trading_costs.py": {"executed_lines": [14, 15, 17, 19, 20, 22, 23, 24, 25, 28, 29, 30, 32, 33, 36, 40, 41, 48, 49], "summary": {"covered_lines": 17, "num_statements": 17, "percent_covered": 100.0, "percent_covered_display": "100", "missing_lines": 0, "excluded_lines": 0}, "missing_lines": [], "excluded_lines": []}, "cvx/markowitz/names.py": {"executed_lines": [17, 18, 19, 20, 21, 22, 23, 24, 25, 26, 27, 28, 29, 30, 31, 32, 33, 34, 37, 38, 39, 40, 41, 44, 45, 46, 47, 48, 49, 52, 53, 54, 55], "summary": {"covered_lines": 33, "num_statements": 33, "percent_covered": 100.0, "percent_covered_display": "100", "missing_lines": 0, "excluded_lines": 0}, "missing_lines": [], "excluded_lines": []}, "cvx/markowitz/portfolios/__init__.py": {"executed_lines": [0], "summary": {"covered_lines": 0, "num_statements": 0, "percent_covered": 100.0, "percent_covered_display": "100", "missing_lines": 0, "excluded_lines": 0}, "missing_lines": [], "excluded_lines": []}, "cvx/markowitz/portfolios/max_sharpe.py": {"executed_lines": [14, 16, 18, 20, 21, 22, 23, 24, 27, 28, 30, 36, 37, 38, 40, 41, 43, 45, 49, 50, 51], "summary": {"covered_lines": 20, "num_statements": 20, "percent_covered": 100.0, "percent_covered_display": "100", "missing_lines": 0, "excluded_lines": 0}, "missing_lines": [], "excluded_lines": []}, "cvx/markowitz/portfolios/min_var.py": {"executed_lines": [14, 16, 18, 20, 21, 24, 25, 27, 33, 34, 35, 37, 38, 39, 40], "summary": {"covered_lines": 14, "num_statements": 14, "percent_covered": 100.0, "percent_covered_display": "100", "missing_lines": 0, "excluded_lines": 0}, "missing_lines": [], "excluded_lines": []}, "cvx/markowitz/portfolios/soft_risk.py": {"executed_lines": [], "summary": {"covered_lines": 0, "num_statements": 28, "percent_covered": 0.0, "percent_covered_display": "0", "missing_lines": 28, "excluded_lines": 0}, "missing_lines": [14, 16, 18, 20, 21, 22, 23, 24, 27, 28, 35, 36, 40, 41, 42, 43, 46, 48, 49, 51, 53, 55, 59, 60, 64, 65, 66, 67], "excluded_lines": []}, "cvx/markowitz/portfolios/utils.py": {"executed_lines": [14, 16, 19, 22, 23], "summary": {"covered_lines": 5, "num_statements": 5, "percent_covered": 100.0, "percent_covered_display": "100", "missing_lines": 0, "excluded_lines": 0}, "missing_lines": [], "excluded_lines": []}, "cvx/markowitz/risk/__init__.py": {"executed_lines": [14, 16, 17, 18], "summary": {"covered_lines": 4, "num_statements": 4, "percent_covered": 100.0, "percent_covered_display": "100", "missing_lines": 0, "excluded_lines": 0}, "missing_lines": [], "excluded_lines": []}, "cvx/markowitz/risk/cvar/__init__.py": {"executed_lines": [14, 16], "summary": {"covered_lines": 2, "num_statements": 2, "percent_covered": 100.0, "percent_covered_display": "100", "missing_lines": 0, "excluded_lines": 0}, "missing_lines": [], "excluded_lines": []}, "cvx/markowitz/risk/cvar/cvar.py": {"executed_lines": [14, 16, 18, 19, 21, 22, 23, 24, 27, 28, 29, 31, 32, 34, 36, 42, 49, 50, 52, 53], "summary": {"covered_lines": 19, "num_statements": 19, "percent_covered": 100.0, "percent_covered_display": "100", "missing_lines": 0, "excluded_lines": 0}, "missing_lines": [], "excluded_lines": []}, "cvx/markowitz/risk/factor/__init__.py": {"executed_lines": [14, 16], "summary": {"covered_lines": 2, "num_statements": 2, "percent_covered": 100.0, "percent_covered_display": "100", "missing_lines": 0, "excluded_lines": 0}, "missing_lines": [], "excluded_lines": []}, "cvx/markowitz/risk/factor/factor.py": {"executed_lines": [14, 16, 18, 20, 21, 23, 24, 25, 26, 27, 30, 31, 32, 34, 36, 37, 43, 49, 55, 62, 69, 73, 74, 76, 78, 79, 91, 92, 101, 103, 104, 105, 107, 111, 115, 116, 118, 119, 121, 122, 126, 127, 129, 132, 135, 140, 143, 147, 148], "summary": {"covered_lines": 47, "num_statements": 47, "percent_covered": 100.0, "percent_covered_display": "100", "missing_lines": 0, "excluded_lines": 0}, "missing_lines": [], "excluded_lines": []}, "cvx/markowitz/risk/sample/__init__.py": {"executed_lines": [14, 16], "summary": {"covered_lines": 2, "num_statements": 2, "percent_covered": 100.0, "percent_covered_display": "100", "missing_lines": 0, "excluded_lines": 0}, "missing_lines": [], "excluded_lines": []}, "cvx/markowitz/risk/sample/sample.py": {"executed_lines": [14, 16, 18, 20, 21, 23, 24, 25, 26, 27, 30, 31, 32, 34, 35, 41, 49, 53, 62, 63, 64, 66, 69, 73, 74], "summary": {"covered_lines": 23, "num_statements": 23, "percent_covered": 100.0, "percent_covered_display": "100", "missing_lines": 0, "excluded_lines": 0}, "missing_lines": [], "excluded_lines": []}, "cvx/markowitz/types.py": {"executed_lines": [14, 15, 17, 18, 19, 20, 22, 23, 24, 25, 26, 28], "summary": {"covered_lines": 12, "num_statements": 12, "percent_covered": 100.0, "percent_covered_display": "100", "missing_lines": 0, "excluded_lines": 0}, "missing_lines": [], "excluded_lines": []}, "cvx/markowitz/utils/__init__.py": {"executed_lines": [0], "summary": {"covered_lines": 0, "num_statements": 0, "percent_covered": 100.0, "percent_covered_display": "100", "missing_lines": 0, "excluded_lines": 0}, "missing_lines": [], "excluded_lines": []}, "cvx/markowitz/utils/fill.py": {"executed_lines": [14, 16, 19, 23, 24, 25, 28, 33, 34, 35, 36], "summary": {"covered_lines": 11, "num_statements": 11, "percent_covered": 100.0, "percent_covered_display": "100", "missing_lines": 0, "excluded_lines": 0}, "missing_lines": [], "excluded_lines": []}}, "totals": {"covered_lines": 448, "num_statements": 476, "percent_covered": 94.11764705882354, "percent_covered_display": "94", "missing_lines": 28, "excluded_lines": 0}}