TN:
SF:cvx/linalg/__init__.py
DA:14,1,DJM0jVlI7gSAEixa9gTsDw
DA:15,1,ydCxunymauVRdfWlNGpIBA
DA:17,1,CDjSQf9lWpm+tozoMiAm6g
DA:18,1,HeTHjSKAqlDp2XQGgsxhzA
DA:19,1,CZxXQrcAmAni/Ndmk6yMxQ
LF:4
LH:4
end_of_record
TN:
SF:cvx/linalg/cholesky.py
DA:14,1,8VS/xKExHLUhgvqSSmTqYA
DA:15,1,ydCxunymauVRdfWlNGpIBA
DA:17,1,IWWjrCeOtk8NNtrE95++2g
DA:19,1,dTn3JTottulP5UBR0fhpkg
DA:22,1,qUA5I+ohHcbbHHbzoRpuKA
DA:26,1,OO6wD2kvVSEKQttA8himng
LF:5
LH:5
end_of_record
TN:
SF:cvx/linalg/pca.py
DA:14,1,QZiSI5Fb1SAB48v7GaDo+A
DA:15,1,ydCxunymauVRdfWlNGpIBA
DA:17,1,7HpIEQVf5K0efdTzo05mJg
DA:19,1,IWWjrCeOtk8NNtrE95++2g
DA:21,1,dTn3JTottulP5UBR0fhpkg
DA:24,1,CT9XrugR0VmgtyLiirko8A
DA:25,1,DrVW8v7KC34/eL1hJzlxkw
DA:26,1,YDP+D0t01ca8N83NkQeJyA
DA:27,1,BEzSFdk6xQAwok3jlZws4Q
DA:29,1,5wZOwzPFHe9SAa8oXJUTRg
DA:30,1,eU5YtJEBScqMpvVPNUbo0Q
DA:31,1,HVyrBJ61ni9ux6MdUIeaUA
DA:37,1,Uq5eb++mQ31KqGdcoOYjkw
DA:38,1,p9S9Hcg6lDNSNUrpLCLz3Q
DA:41,1,a6BWCacWqGXWa3hgwaIy8Q
DA:44,1,+5RnDpgctzvnLZVECEP8/g
DA:45,1,JV98W8EunRfccjQxg3TcGA
DA:46,1,ID+KE2NiWejeo/cHEee9ag
DA:48,1,RL2P0MdRCS2HV3cWlnAqhA
DA:50,1,EaILOKBxKcpYUNYakY8sDg
DA:52,1,HmADa1g/W1C2Vo9Wm4sNNA
DA:53,1,8TyY7ThDtPSPejh3m9A+tw
DA:54,1,FKNTMCmWmK2HidJiXg2atA
DA:58,1,HmADa1g/W1C2Vo9Wm4sNNA
DA:59,1,RwNXV+yeiaazdiAFB/0CXA
DA:60,1,dIdZFyP+U0uZ3v4PmUcqiA
DA:62,1,HmADa1g/W1C2Vo9Wm4sNNA
DA:63,1,/XuQn62kwfR8esJpP86LIQ
DA:64,1,2cTlBAVW7SGP01a2pqTolA
DA:66,1,HmADa1g/W1C2Vo9Wm4sNNA
DA:67,1,X4V2G9ttlqKfZ4nGNPaQ1g
DA:68,1,ZhecJYBl92WLStqvQnKYJw
DA:70,1,HmADa1g/W1C2Vo9Wm4sNNA
DA:71,1,/DmE4MakPOfmipe2cseqsQ
DA:72,1,IthfnGO+J1I8yZjo011YQA
LF:34
LH:34
end_of_record
TN:
SF:cvx/linalg/random.py
DA:14,1,IWWjrCeOtk8NNtrE95++2g
DA:16,1,dTn3JTottulP5UBR0fhpkg
DA:19,1,hx+c1erLjkLcy6d4wR6cDA
DA:20,1,xDPhWKMyCfSRPWAxHRKLnA
DA:21,1,vVproP3ExkcRsr1uV9z/Hw
LF:5
LH:5
end_of_record
TN:
SF:cvx/linalg/types.py
DA:14,1,IWWjrCeOtk8NNtrE95++2g
DA:15,1,bRij6NQYbl39KYWy3WGPEw
DA:16,1,wx2LtGJUStCDSsKpVmTMEw
DA:18,1,1XBSuEztj/RNry55rEO0OA
LF:4
LH:4
end_of_record
TN:
SF:cvx/linalg/valid.py
DA:14,1,1MG8hpPBDy1xf+tGRO4M/w
DA:15,1,ydCxunymauVRdfWlNGpIBA
DA:17,1,IWWjrCeOtk8NNtrE95++2g
DA:19,1,dTn3JTottulP5UBR0fhpkg
DA:22,1,7ph6uiOUlDBByHAbgSBK2g
DA:31,1,ZSjOnbamMfyeFGBtASOkfA
DA:32,1,JQ4jPNbWjzB/j2/EH9qSjQ
DA:34,1,bCC7EJFP4290GWGkwKgOKQ
DA:35,1,Mb6q4hIiKM4rkHdF9qBmnw
LF:8
LH:8
end_of_record
TN:
SF:cvx/markowitz/__init__.py
DA:0,1,6w8lOCN8J9kkpvqSTZQBkA
LF:0
LH:0
end_of_record
TN:
SF:cvx/markowitz/builder.py
DA:14,1,ydCxunymauVRdfWlNGpIBA
DA:16,1,jlRoaSCIDD5LqKQ/NKgZPg
DA:17,1,Nf/dQDXNBO4gl+IkH/yMhw
DA:18,1,Fgl+vbOUGcWRorxc5bC0Iw
DA:19,1,AdJ0LhNy3y1/GMcd5VoGvQ
DA:20,1,ac+30c2PVfQrSrwazph9Lw
DA:22,1,4kGOxiio6TdNVt+k7QfyJA
DA:23,1,IWWjrCeOtk8NNtrE95++2g
DA:25,1,kcHtoWS9ID+zE4si8a5A4w
DA:26,1,6PXu6E+TPpyMkxF0t4lYdg
DA:27,1,ibh9QoDNsZgHu3DG9snHfg
DA:28,1,fWRvocxbIJ55jVycDt785A
DA:29,1,CbbhP5tvu5KXiezo0Kg9ug
DA:30,1,lnqxn8BfL8W2Y6gSP7hU9w
DA:31,1,lrB0ReokRnWpvY0sHHqQhw
DA:32,1,YwWuTKx8BeSQtEpQQ2+KCg
DA:35,1,bGa6IvHCNsp6TZiLkqgNZQ
DA:38,1,iVuWf7qqz02v3InW0IL+8Q
DA:39,1,4UB8+gSCPjizuSpCzgijPQ
DA:42,1,/S8d/HVFLOL/gTU2e/TkhA
DA:43,1,66TIKADUaOUxTlHHuPU/Uw
DA:44,1,iUZ4NKYA9rB4UNiv7Wwi8g
DA:45,1,Wk4XvV4yFcIHCkYyzN5hfw
DA:47,1,/8PgtTg+9z2CcSCksUKisQ
DA:51,1,rNziFFGZyL8cP1w+oYzg+Q
DA:52,1,gcRslvAZcIWcKzmZJMHdXQ
DA:53,1,SpWlPZTX+WfvAIA4TcDc6A
DA:54,1,gk0VaVO/Mz2XId7otLxCqg
DA:60,1,wQqBKQ3DxkApHb4q2VjdcA
DA:62,1,ackOWdJx2/IgtB/ELuvQJg
DA:64,1,Q+j6DHeEEt2ykTdGX9rshw
DA:68,1,lVi5oqvCptKC8g5tHm/7aA
DA:70,1,k1S+1JLWuLlfJc4UA3ismQ
DA:71,1,3AjdhBAHLeBTV8PoNClVxQ
DA:73,1,fmqQuf3JdBReKDVOs6x08A
DA:75,1,HmADa1g/W1C2Vo9Wm4sNNA
DA:76,1,sNNv9SiXJQ4EYGa+zErysA
DA:77,1,MxC6xvfeFdmZBy1nnfXWJg
DA:79,1,YSygr2rPBjVVpBBFrgs6Gw
DA:80,1,g/24gpdhs9tY0Ypd8c3IYA
DA:82,1,HmADa1g/W1C2Vo9Wm4sNNA
DA:83,1,kZlvEeTjDzn0oCobCbRaVQ
DA:84,1,rNziFFGZyL8cP1w+oYzg+Q
DA:85,1,euncCd0Zq0qSv7uGbTXPCg
DA:86,1,DFX9x4a1U8Q+3n9pPHiBzQ
DA:88,1,HmADa1g/W1C2Vo9Wm4sNNA
DA:89,1,6H+0k1Ob7QBGLFnXbA4d4g
DA:90,1,m9E7PXrGx/v+xyy2P+WeAg
DA:92,1,HmADa1g/W1C2Vo9Wm4sNNA
DA:93,1,idQN0tMSlKV8hyXz8IqD4A
DA:94,1,S5hEsvqE4eJmKThF2+VTFA
DA:96,1,HmADa1g/W1C2Vo9Wm4sNNA
DA:97,1,CRP1qjjz1mSdwfetRCYFdA
DA:98,1,KOsFHP5PmXAn4/sKgSkEFQ
DA:100,1,HmADa1g/W1C2Vo9Wm4sNNA
DA:101,1,j+ZH2psykVQa6iUaGfgbpw
DA:102,1,cKIgMDlv+XmP3SYk38XMcg
DA:104,1,ciQ7U3wpZpX8uAC5dhWCKA
DA:105,1,YmPszcPHvbieNjoUMSe9eg
DA:106,1,qQipM5z08Pu1L2JauAdJWw
DA:109,1,/S8d/HVFLOL/gTU2e/TkhA
DA:110,1,0GAhW3yxfbMuKDv21toXKg
DA:111,1,jbu7QeJjcixKXDS/9NBiEQ
DA:112,1,kRS0W4S/S5Zs29dL5FIQuQ
DA:113,1,Wk4XvV4yFcIHCkYyzN5hfw
DA:114,1,nwq5WQDMG77pBuNmheTHrQ
DA:115,1,MJKVwa0ZXjhO4MpWgBAfUg
DA:116,1,td1Y3BPP2YZ2tMByBkm1tw
DA:118,1,5wZOwzPFHe9SAa8oXJUTRg
DA:120,1,kqEIOwGZCJRoHW7ReyXaDA
DA:121,1,o2Bc20njM2X6uIjvb59Vgw
DA:124,1,xNMGBQnaV6MduMsnrzlqIg
DA:128,1,OWfqlthU4kptUBNrXmZJ+w
DA:132,1,gBjwsfrJmOksQgENa5iROQ
DA:135,1,QsZxgKfJgYvWf7buVKiG0w
DA:137,1,2Kp7OCkn4HyX6WoR4SDQPA
DA:141,1,KZHqvpXMnpEvEI0+Egiqbg
DA:144,1,21/1okghhn0a5TyT25TaVg
DA:148,1,HmADa1g/W1C2Vo9Wm4sNNA
DA:149,1,XoVUOkRyu3PGO4dLV1agZw
DA:150,1,QkuqKNmEh5O/HxPZhqvWhQ
DA:155,1,tkKaW/80sfK9Ot2QOcxpGw
DA:159,1,+OwUnKYQO7S0xRe1wmAH/Q
DA:160,1,vr7EF4NmvJVX/ZMwKUslew
DA:163,1,teZKcPW3Hjt+qhvdzovu0Q
DA:165,1,lBI2XQu7CKJhuss9NdMNbw
DA:166,1,TvJMhbWF8fWE9GRT7wr15g
DA:168,1,IAPUFbXKp9kv14ySNpi8WA
DA:170,1,HmADa1g/W1C2Vo9Wm4sNNA
DA:171,1,nNB81ZRPj5bil509VsAwoA
DA:172,1,4SZ8p+jkXuDZ67XrMJ5BfQ
DA:174,1,HmADa1g/W1C2Vo9Wm4sNNA
DA:175,1,ec6mEFRW4l6fFdyBXnyejg
DA:176,1,qj4cUBj4HgT1nQJNQySr9Q
DA:178,1,HmADa1g/W1C2Vo9Wm4sNNA
DA:179,1,KJpnSZQXLKMKgH0jN+Hn/Q
DA:180,1,hB6ztspWhq4V6M32G7+p5Q
LF:97
LH:97
end_of_record
TN:
SF:cvx/markowitz/cvxerror.py
DA:14,1,D//ohA+sKOTj/w97BCemsQ
DA:15,1,PdeqDqr4bOft68ON3+/7kg
LF:2
LH:2
end_of_record
TN:
SF:cvx/markowitz/model.py
DA:14,1,5og5a6N7FrG5D9E6O7fm7A
DA:16,1,ydCxunymauVRdfWlNGpIBA
DA:18,1,0tRnYWT7fnP6+iJzpYJFFA
DA:19,1,Fgl+vbOUGcWRorxc5bC0Iw
DA:21,1,4kGOxiio6TdNVt+k7QfyJA
DA:23,1,ozGA5HDUTvwBaA8LqYavVg
DA:26,1,/S8d/HVFLOL/gTU2e/TkhA
DA:27,1,SjFIb4rzrxq1toO3TrrZKA
DA:28,1,TtXIvBUjWoDGU8/TIlivHw
DA:30,1,VVB7Si1gEmcxIIjFxoQjzg
DA:31,1,td1Y3BPP2YZ2tMByBkm1tw
DA:32,1,0/AWWYCqV2bEk3EATpir6w
DA:34,1,XoVUOkRyu3PGO4dLV1agZw
DA:35,1,vUfCjHpx4h71dUKVF2PiWw
DA:40,1,XoVUOkRyu3PGO4dLV1agZw
DA:41,1,3O3JwUd1I30SMxBOOs4sKg
DA:46,1,iEWF97PsjxewlreyyXFO/w
DA:50,1,zl1rFSYAKDKdsRsH+EJTcQ
LF:16
LH:16
end_of_record
TN:
SF:cvx/markowitz/models/__init__.py
DA:0,1,6w8lOCN8J9kkpvqSTZQBkA
LF:0
LH:0
end_of_record
TN:
SF:cvx/markowitz/models/bounds.py
DA:14,1,DCo42TY2W29lisg0MC4srg
DA:15,1,ydCxunymauVRdfWlNGpIBA
DA:17,1,7HpIEQVf5K0efdTzo05mJg
DA:19,1,4kGOxiio6TdNVt+k7QfyJA
DA:20,1,IWWjrCeOtk8NNtrE95++2g
DA:22,1,6PXu6E+TPpyMkxF0t4lYdg
DA:23,1,Q9dCM4bnVGVK1O8fnjceWg
DA:24,1,kgepPTl/a4alHAKwbYytdQ
DA:27,1,/S8d/HVFLOL/gTU2e/TkhA
DA:28,1,4w2Es5giZsY5B32NYE3X0w
DA:29,1,khS/mcewtwZXd9SZsRz5+w
DA:30,1,CF095rmysPk6PdAvEeBfsw
DA:32,1,vUfCjHpx4h71dUKVF2PiWw
DA:34,1,leAKaWSJHaQ4UNfw9TVCmw
DA:36,1,ZwWrVC0sNu4RMCkPhfZM/Q
DA:37,1,CJ6sPA5+QO5nldgv8PIcaQ
DA:39,1,5wZOwzPFHe9SAa8oXJUTRg
DA:40,1,6stj0jOK4RFM4v7obZeN3g
DA:45,1,Ezc6oeV4yo5B+LEo05/vtw
DA:51,1,3O3JwUd1I30SMxBOOs4sKg
DA:52,1,iyDDsnh9y+056cpC/j/esQ
DA:55,1,M6NDrwFaOQdf+VgELdXN0Q
DA:59,1,iEWF97PsjxewlreyyXFO/w
DA:60,1,xD//Fkn+kpQyWk8pVb3isQ
LF:23
LH:23
end_of_record
TN:
SF:cvx/markowitz/models/expected_returns.py
DA:14,1,hUnGrSYla/X5FGzkmzhVhA
DA:15,1,ydCxunymauVRdfWlNGpIBA
DA:17,1,7HpIEQVf5K0efdTzo05mJg
DA:19,1,4kGOxiio6TdNVt+k7QfyJA
DA:20,1,IWWjrCeOtk8NNtrE95++2g
DA:22,1,kcHtoWS9ID+zE4si8a5A4w
DA:23,1,6PXu6E+TPpyMkxF0t4lYdg
DA:24,1,fWRvocxbIJ55jVycDt785A
DA:25,1,caYYvjBhzyaU4D9RiOxFog
DA:26,1,kgepPTl/a4alHAKwbYytdQ
DA:29,1,/S8d/HVFLOL/gTU2e/TkhA
DA:30,1,e/yAv/Od/Jr+DVEtMZu1Vw
DA:31,1,wgDb+Dhsu0GENnBec7uWaw
DA:33,1,5wZOwzPFHe9SAa8oXJUTRg
DA:34,1,8JaT30ix3tahWM37VnEKow
DA:41,1,K0t/wWGbI3pw1U3SeHboWw
DA:48,1,vUfCjHpx4h71dUKVF2PiWw
DA:49,1,MepGfLDsJcn1pGoV/AxYrw
DA:53,1,3O3JwUd1I30SMxBOOs4sKg
DA:54,1,cgAznDje2qJHHl1Dyp/vbg
DA:55,1,YU8zI1rCfRZ0Zy99vmXqmQ
DA:58,1,YRh970iFFoXLaioeI+KxBg
DA:59,1,rLZSzJ+tay9zRS+wgJLpaQ
DA:60,1,/a9flyt/VBD9GOG8lVIRPg
DA:62,1,WHlPVGnS3m3R1h6vr8E8Mg
LF:23
LH:23
end_of_record
TN:
SF:cvx/markowitz/models/holding_costs.py
DA:14,1,kPedt4FJCbkmnltYByNreQ
DA:15,1,ydCxunymauVRdfWlNGpIBA
DA:17,1,7HpIEQVf5K0efdTzo05mJg
DA:19,1,4kGOxiio6TdNVt+k7QfyJA
DA:20,1,IWWjrCeOtk8NNtrE95++2g
DA:22,1,6PXu6E+TPpyMkxF0t4lYdg
DA:23,1,fWRvocxbIJ55jVycDt785A
DA:24,1,caYYvjBhzyaU4D9RiOxFog
DA:25,1,kgepPTl/a4alHAKwbYytdQ
DA:28,1,/S8d/HVFLOL/gTU2e/TkhA
DA:29,1,IMcWlPVRevhIl3Tb+vfs/A
DA:30,1,i1tUqmDWv5B6X5/cMbobaw
DA:32,1,5wZOwzPFHe9SAa8oXJUTRg
DA:33,1,ZHVSDHWnvoJGoOVMOY4KoQ
DA:37,1,vUfCjHpx4h71dUKVF2PiWw
DA:38,1,Xt9KOvi8SwZEiPr5tYutRA
DA:42,1,3O3JwUd1I30SMxBOOs4sKg
DA:43,1,aRH9ytnGptsSGXdQsjU4Ng
LF:16
LH:16
end_of_record
TN:
SF:cvx/markowitz/models/trading_costs.py
DA:14,1,d/rRJgdqaqjWyeH2ravtQw
DA:15,1,ydCxunymauVRdfWlNGpIBA
DA:17,1,7HpIEQVf5K0efdTzo05mJg
DA:19,1,4kGOxiio6TdNVt+k7QfyJA
DA:20,1,IWWjrCeOtk8NNtrE95++2g
DA:22,1,6PXu6E+TPpyMkxF0t4lYdg
DA:23,1,fWRvocxbIJ55jVycDt785A
DA:24,1,caYYvjBhzyaU4D9RiOxFog
DA:25,1,kgepPTl/a4alHAKwbYytdQ
DA:28,1,/S8d/HVFLOL/gTU2e/TkhA
DA:29,1,D0onqYxpX5paXUWOsVJgDQ
DA:30,1,1R3h/jrN+mj+IIo5oYQrGA
DA:32,1,5wZOwzPFHe9SAa8oXJUTRg
DA:33,1,3y9NawIcQXD6jaLLPuHpmw
DA:36,1,xXMlryzbLG9avvt/1idQhQ
DA:40,1,vUfCjHpx4h71dUKVF2PiWw
DA:41,1,Xt9KOvi8SwZEiPr5tYutRA
DA:48,1,3O3JwUd1I30SMxBOOs4sKg
DA:49,1,ueEui718xAGlRklWbUTxRw
LF:17
LH:17
end_of_record
TN:
SF:cvx/markowitz/names.py
DA:17,1,knR9JF5jWTpltDJY81bm5g
DA:18,1,N1NxBPDgsZEf2xU8uFAUmA
DA:19,1,rsDChghxcoTmKmdaJVhMAw
DA:20,1,BW/RY2rWCdgIDqZMZKTfuw
DA:21,1,ZtQk7mWR5Ymxk3Bf0+gL4w
DA:22,1,nus5qkS/9iB5uV6XzApj0Q
DA:23,1,hDAaoXQ6ffD/A/uDAU3GAg
DA:24,1,JizmKoCtmYZMl3AsVsKXHg
DA:25,1,Rut7iwlkSLREbZ/W/qlZeQ
DA:26,1,HT8b1iQCwqYJqaDmsMX1pg
DA:27,1,Z6SnAnYDYCzjIfJl9FMmOg
DA:28,1,XwHKocR8ITci2VhwaL8GfQ
DA:29,1,OJV5fmBSvqHG75kmRhJyhA
DA:30,1,EOSYTHG1+bsgQvrRP4MO5w
DA:31,1,gow/3az9zL+EKSebw57UHg
DA:32,1,vlGt4b9kbeIL/TBRLg2DEA
DA:33,1,MRARzB/8y4tk57IKwJa3Sw
DA:34,1,RTOajzCJ09gbFDMV6KvuSg
DA:37,1,R8IhaR6TioTXkQ34XPlGMA
DA:38,1,qx7oAwGp1/OgFFW46Vts6Q
DA:39,1,AUxd+vO7GIYMl0d9rTs54w
DA:40,1,RXO+2gccPmIi2MvNqNQ40A
DA:41,1,siHRl3u7HvfD0iAHTbNjgg
DA:44,1,WKJ2BajcCjujyexYhgshVQ
DA:45,1,sc4dqwp8sFYFN2coD1g6Nw
DA:46,1,We7+lDKxV1RQIiSYQ4m9tw
DA:47,1,Yl7/fWOdN//IpKuOKS1zow
DA:48,1,87TDGHJYGLSzYIdVRz+t8Q
DA:49,1,qx7oAwGp1/OgFFW46Vts6Q
DA:52,1,lwuTTOTiB+vuDjGkGVYlXQ
DA:53,1,VHOC90+Q5VXwHJitR9iItw
DA:54,1,yp9As74sV+f0YSP5rR1vUw
DA:55,1,XNy07p9p1c+iqWzIYgajag
LF:33
LH:33
end_of_record
TN:
SF:cvx/markowitz/portfolios/__init__.py
DA:0,1,6w8lOCN8J9kkpvqSTZQBkA
LF:0
LH:0
end_of_record
TN:
SF:cvx/markowitz/portfolios/max_sharpe.py
DA:14,1,ydCxunymauVRdfWlNGpIBA
DA:16,1,7HpIEQVf5K0efdTzo05mJg
DA:18,1,4kGOxiio6TdNVt+k7QfyJA
DA:20,1,+8tznHpa0V6R47ySYkv6bA
DA:21,1,r8JF3+aKyhSyYMISjB5xwQ
DA:22,1,y3ZvkPHdUu5kAtNDc4Orlg
DA:23,1,CbbhP5tvu5KXiezo0Kg9ug
DA:24,1,1iJj+c9KcXahM8TBGj4AOw
DA:27,1,/S8d/HVFLOL/gTU2e/TkhA
DA:28,1,mhEl4mbW/rJ55275nq1ODQ
DA:30,1,/ZvqiDY7XVzMiSFdpC6ZCg
DA:36,1,HmADa1g/W1C2Vo9Wm4sNNA
DA:37,1,B1hYUQaZt8LIYl02GdZveA
DA:38,1,+mUobbCcgqDaMIFghWQuoQ
DA:40,1,5wZOwzPFHe9SAa8oXJUTRg
DA:41,1,g6JFMyUAlw5gWGrbARxf5Q
DA:43,1,d5vXbQY5+WP5GW6n5v/m7w
DA:45,1,wQruKMj7/eVb/GJUEyzqgw
DA:49,1,36JR/uKHXEwiuYKTvbCVxw
DA:50,1,iwbHTDTgBRAAcegDH+NiSQ
DA:51,1,q7e8+it26h0WK28NTBtZCQ
LF:20
LH:20
end_of_record
TN:
SF:cvx/markowitz/portfolios/min_var.py
DA:14,1,ydCxunymauVRdfWlNGpIBA
DA:16,1,7HpIEQVf5K0efdTzo05mJg
DA:18,1,4kGOxiio6TdNVt+k7QfyJA
DA:20,1,+8tznHpa0V6R47ySYkv6bA
DA:21,1,y3ZvkPHdUu5kAtNDc4Orlg
DA:24,1,/S8d/HVFLOL/gTU2e/TkhA
DA:25,1,/GgHSYqZjHTE52FXadDy2A
DA:27,1,/ZvqiDY7XVzMiSFdpC6ZCg
DA:33,1,HmADa1g/W1C2Vo9Wm4sNNA
DA:34,1,B1hYUQaZt8LIYl02GdZveA
DA:35,1,RF/MY+k2VdxhPLp187gc+A
DA:37,1,5wZOwzPFHe9SAa8oXJUTRg
DA:38,1,g6JFMyUAlw5gWGrbARxf5Q
DA:39,1,36JR/uKHXEwiuYKTvbCVxw
DA:40,1,iwbHTDTgBRAAcegDH+NiSQ
LF:14
LH:14
end_of_record
TN:
SF:cvx/markowitz/portfolios/soft_risk.py
DA:14,0,ydCxunymauVRdfWlNGpIBA
DA:16,0,7HpIEQVf5K0efdTzo05mJg
DA:18,0,4kGOxiio6TdNVt+k7QfyJA
DA:20,0,+8tznHpa0V6R47ySYkv6bA
DA:21,0,r8JF3+aKyhSyYMISjB5xwQ
DA:22,0,y3ZvkPHdUu5kAtNDc4Orlg
DA:23,0,CbbhP5tvu5KXiezo0Kg9ug
DA:24,0,1iJj+c9KcXahM8TBGj4AOw
DA:27,0,/S8d/HVFLOL/gTU2e/TkhA
DA:28,0,6IK31yPv78pDjmJU3B+Deg
DA:35,0,IAycY/17UWifM4g7XM9J8g
DA:36,0,lmRbU89+gSj8IkcTEVn7eA
DA:40,0,HmADa1g/W1C2Vo9Wm4sNNA
DA:41,0,aI5mE9RcFkLdHIqWmV1w9A
DA:42,0,gLgG/W4rS5lyGc/MlswTvg
DA:43,0,7J/XQhror6yIbndjElZdHg
DA:46,0,4IDjfyrcDz5yO5HCI9AmJw
DA:48,0,5wZOwzPFHe9SAa8oXJUTRg
DA:49,0,g6JFMyUAlw5gWGrbARxf5Q
DA:51,0,d5vXbQY5+WP5GW6n5v/m7w
DA:53,0,kpnQ107g+0IpkbXlqXYYqg
DA:55,0,goGoHe+obdrnQuj0wki2TQ
DA:59,0,wZYMkipA92KqxQelUbTNQg
DA:60,0,RoYVIBIl3IXccYL7+0Ml9Q
DA:64,0,36JR/uKHXEwiuYKTvbCVxw
DA:65,0,iwbHTDTgBRAAcegDH+NiSQ
DA:66,0,Nlw8EtDQh+HlLX+kNmKibg
DA:67,0,198Z7Zp0xkWVvdRH80foxw
LF:28
LH:0
end_of_record
TN:
SF:cvx/markowitz/portfolios/utils.py
DA:14,1,XtpiXuu2OqGpStmyOlU5oQ
DA:16,1,4kGOxiio6TdNVt+k7QfyJA
DA:19,1,ae9bbLjWj5ARPBxXKWfIwQ
DA:22,1,rOfEByNiSoWvDD1gjxLbSQ
DA:23,1,HcOiWfrSaeCLwNwv759rtQ
LF:5
LH:5
end_of_record
TN:
SF:cvx/markowitz/risk/__init__.py
DA:14,1,ydCxunymauVRdfWlNGpIBA
DA:16,1,j466zLT3I0gvBr4O8MZvWw
DA:17,1,Plri29FPqtNgbTDv3Mr8/A
DA:18,1,6f7IXrLM+FSsJ7k0nuNR4Q
LF:4
LH:4
end_of_record
TN:
SF:cvx/markowitz/risk/cvar/__init__.py
DA:14,1,ydCxunymauVRdfWlNGpIBA
DA:16,1,Fxg/BhOwoT4u/v76+WAvNQ
LF:2
LH:2
end_of_record
TN:
SF:cvx/markowitz/risk/cvar/cvar.py
DA:14,1,ydCxunymauVRdfWlNGpIBA
DA:16,1,7HpIEQVf5K0efdTzo05mJg
DA:18,1,4kGOxiio6TdNVt+k7QfyJA
DA:19,1,IWWjrCeOtk8NNtrE95++2g
DA:21,1,6PXu6E+TPpyMkxF0t4lYdg
DA:22,1,fWRvocxbIJ55jVycDt785A
DA:23,1,caYYvjBhzyaU4D9RiOxFog
DA:24,1,zKmbryPedw62YDNpqysVow
DA:27,1,/S8d/HVFLOL/gTU2e/TkhA
DA:28,1,24Klx00o1oijHIsUNN2XKw
DA:29,1,ouuQzdQKNE7MVDP0SwKbuA
DA:31,1,A2OLBvAdSE/1kFYHEzamUw
DA:32,1,P6jq6go/O2LR8lzyBxuWcA
DA:34,1,5wZOwzPFHe9SAa8oXJUTRg
DA:36,1,gXynSZdXLKEwuU2DmMcYCg
DA:42,1,vUfCjHpx4h71dUKVF2PiWw
DA:49,1,ysDzBCQocmK2YYZyKyNT9w
DA:50,1,vzwgRQfPzhShf100cMdb9A
DA:52,1,3O3JwUd1I30SMxBOOs4sKg
DA:53,1,7wPRdHzTDsVEYP84Fc1CAw
LF:19
LH:19
end_of_record
TN:
SF:cvx/markowitz/risk/factor/__init__.py
DA:14,1,ydCxunymauVRdfWlNGpIBA
DA:16,1,e4dzFetUDBuw0ncY1w+eNQ
LF:2
LH:2
end_of_record
TN:
SF:cvx/markowitz/risk/factor/factor.py
DA:14,1,wAtsdJOiNqZ5r6nqnIT/rg
DA:16,1,ydCxunymauVRdfWlNGpIBA
DA:18,1,7HpIEQVf5K0efdTzo05mJg
DA:20,1,4kGOxiio6TdNVt+k7QfyJA
DA:21,1,IWWjrCeOtk8NNtrE95++2g
DA:23,1,kcHtoWS9ID+zE4si8a5A4w
DA:24,1,6PXu6E+TPpyMkxF0t4lYdg
DA:25,1,fWRvocxbIJ55jVycDt785A
DA:26,1,Q9dCM4bnVGVK1O8fnjceWg
DA:27,1,CgJnemqkx8tY2xNn3fL35w
DA:30,1,/S8d/HVFLOL/gTU2e/TkhA
DA:31,1,6r6y+A7d65DR743mIf1gLg
DA:32,1,8W38xQBrtQ3TTWwY6MtTvg
DA:34,1,zdRgk3011MVvY7ba7s+avw
DA:36,1,5wZOwzPFHe9SAa8oXJUTRg
DA:37,1,MkiVVDd+txKJkKxMpVemBA
DA:43,1,q5lAWxqJTw6MimkOyXNN6Q
DA:49,1,UqP0QdyZpSv+Jb4JiCfRWw
DA:55,1,7nVV66cgbqV4uJnRJg2VnQ
DA:62,1,x8cscVxGJCPRrCSrvK/bcw
DA:69,1,vUfCjHpx4h71dUKVF2PiWw
DA:73,1,mTugFtPN1f5u2afSz4bPnw
DA:74,1,MCnyaE7RSX+C+kWeXW/h/g
DA:76,1,2te3YSbdWcgFHs+aV4kW7w
DA:78,1,flrqfyC7Y10Q+Q7nZe9jcQ
DA:79,1,USuyfODHDfEEP5Q0Sl4Rqw
DA:91,1,M55BRWWp/UbWXhoQ0yvP9Q
DA:92,1,USuyfODHDfEEP5Q0Sl4Rqw
DA:101,1,3O3JwUd1I30SMxBOOs4sKg
DA:103,1,iUGKeptISqJvaBrRryYPfQ
DA:104,1,4mbi1Ffrr8hSuobeznVeQQ
DA:105,1,T0lxgJdrYQ3TrfebpIZaSw
DA:107,1,67ON9/z04568Aqw8qmWKzw
DA:111,1,wh6CBFD0zyPwKofKJYPOdQ
DA:115,1,HtZPyIe2peOf9XeGL2q0tg
DA:116,1,cABCJJk0DKyNFGl3K5r59w
DA:118,1,mRamj8dd4U4Ykr3jwPxx8g
DA:119,1,dTFZ50QkjQx8v1Qn5/tGvw
DA:121,1,trNk3Zb3oAvZHvfQ/XmKbw
DA:122,1,wh6CBFD0zyPwKofKJYPOdQ
DA:126,1,zj9H9qewk5PN7xaCUIi36g
DA:127,1,pfoRaB3dHRDCKMnHpGHeDg
DA:129,1,3IQ0c31YkyS81YM/egRkGQ
DA:132,1,f1t3HNKbW/lrFl4MxnFb0A
DA:135,1,tVL8NyYlGo5cJydb9Ngesw
DA:140,1,nfZ0k5q93kiKMwoCazrcuw
DA:143,1,EuGTvCvcMen57kb5EohWGg
DA:147,1,iEWF97PsjxewlreyyXFO/w
DA:148,1,xD//Fkn+kpQyWk8pVb3isQ
LF:47
LH:47
end_of_record
TN:
SF:cvx/markowitz/risk/sample/__init__.py
DA:14,1,ydCxunymauVRdfWlNGpIBA
DA:16,1,Yj8wqJckGuYwmuxNqI94Vg
LF:2
LH:2
end_of_record
TN:
SF:cvx/markowitz/risk/sample/sample.py
DA:14,1,JmU1cjrl2+NXHtKjNKlq8Q
DA:16,1,ydCxunymauVRdfWlNGpIBA
DA:18,1,7HpIEQVf5K0efdTzo05mJg
DA:20,1,4kGOxiio6TdNVt+k7QfyJA
DA:21,1,IWWjrCeOtk8NNtrE95++2g
DA:23,1,kcHtoWS9ID+zE4si8a5A4w
DA:24,1,6PXu6E+TPpyMkxF0t4lYdg
DA:25,1,fWRvocxbIJ55jVycDt785A
DA:26,1,Q9dCM4bnVGVK1O8fnjceWg
DA:27,1,CgJnemqkx8tY2xNn3fL35w
DA:30,1,/S8d/HVFLOL/gTU2e/TkhA
DA:31,1,AalM8cSQOcMev/M5FGOllQ
DA:32,1,YwS6IsCUsNbRofEmN3Z4nA
DA:34,1,5wZOwzPFHe9SAa8oXJUTRg
DA:35,1,UqP0QdyZpSv+Jb4JiCfRWw
DA:41,1,U7gtZz6ef5UnvZFSdnGd1w
DA:49,1,vUfCjHpx4h71dUKVF2PiWw
DA:53,1,USuyfODHDfEEP5Q0Sl4Rqw
DA:62,1,3O3JwUd1I30SMxBOOs4sKg
DA:63,1,wqhS7+SKBooRuhTXzEGw0w
DA:64,1,qyiyc/QdaMAFUwXnhvHr6A
DA:66,1,tVL8NyYlGo5cJydb9Ngesw
DA:69,1,6CFvBVToGnDv8L5i5LR3yQ
DA:73,1,iEWF97PsjxewlreyyXFO/w
DA:74,1,xD//Fkn+kpQyWk8pVb3isQ
LF:23
LH:23
end_of_record
TN:
SF:cvx/markowitz/types.py
DA:14,1,AdJ0LhNy3y1/GMcd5VoGvQ
DA:15,1,AZzqibHQdzPEoPwjqYL2GQ
DA:17,1,4kGOxiio6TdNVt+k7QfyJA
DA:18,1,IWWjrCeOtk8NNtrE95++2g
DA:19,1,bRij6NQYbl39KYWy3WGPEw
DA:20,1,wx2LtGJUStCDSsKpVmTMEw
DA:22,1,pc4KICY79Ir7zAblKF7ePg
DA:23,1,dze+4uHi1wleuiRFf++DPQ
DA:24,1,QSXFutnL9ObMprTm6exrlg
DA:25,1,4TYnsnZahZPu7/60HxeOKw
DA:26,1,gA6uzcB6btNkqVk9OGK7wQ
DA:28,1,1XBSuEztj/RNry55rEO0OA
LF:12
LH:12
end_of_record
TN:
SF:cvx/markowitz/utils/__init__.py
DA:0,1,6w8lOCN8J9kkpvqSTZQBkA
LF:0
LH:0
end_of_record
TN:
SF:cvx/markowitz/utils/fill.py
DA:14,1,IWWjrCeOtk8NNtrE95++2g
DA:16,1,uHS+ALux5dCdKEJMv2FKng
DA:19,1,ZylagEuTJFQFzVYIcrSwqw
DA:23,1,Z64I2hMXht0T2AF5FRd/Tw
DA:24,1,HdH+eknhMgDkaNbAKPu8oQ
DA:25,1,towtowC2GS1s2wnqgPRPsA
DA:28,1,YEktpymrqPRyDHKm9cgaAw
DA:33,1,gBjN/UBulaPSQ1WKaTzehA
DA:34,1,7nI4W+sGlUiEri9n7WSevA
DA:35,1,8ZizCX+Zzy1eROuZVPM81A
DA:36,1,towtowC2GS1s2wnqgPRPsA
LF:11
LH:11
end_of_record
