SF:cvx/linalg/__init__.py
DA:15,1
DA:17,1
DA:18,1
DA:19,1
LF:4
LH:4
end_of_record
SF:cvx/linalg/cholesky.py
DA:16,1
DA:18,1
DA:20,1
DA:23,1
DA:27,1
LF:5
LH:5
FN:23,27,cholesky
FNDA:1,cholesky
FNF:1
FNH:1
end_of_record
SF:cvx/linalg/pca.py
DA:16,1
DA:18,1
DA:20,1
DA:22,1
DA:25,1
DA:26,1
DA:27,1
DA:28,1
DA:30,1
DA:31,1
DA:32,1
DA:36,1
DA:37,1
DA:40,1
DA:43,1
DA:44,1
DA:45,1
DA:47,1
DA:49,1
DA:51,1
DA:52,1
DA:53,1
DA:55,1
DA:56,1
DA:57,1
DA:59,1
DA:60,1
DA:61,1
DA:63,1
DA:64,1
DA:65,1
DA:67,1
DA:68,1
DA:69,1
LF:34
LH:34
FN:30,49,PCA.__post_init__
FNDA:1,PCA.__post_init__
FN:52,53,PCA.explained_variance
FNDA:1,PCA.explained_variance
FN:56,57,PCA.cov
FNDA:1,PCA.cov
FN:60,61,PCA.systematic_returns
FNDA:1,PCA.systematic_returns
FN:64,65,PCA.idiosyncratic_returns
FNDA:1,PCA.idiosyncratic_returns
FN:68,69,PCA.idiosyncratic_vola
FNDA:1,PCA.idiosyncratic_vola
FNF:6
FNH:6
end_of_record
SF:cvx/linalg/random.py
DA:14,1
DA:16,1
DA:19,1
DA:20,1
DA:21,1
LF:5
LH:5
FN:19,21,rand_cov
FNDA:1,rand_cov
FNF:1
FNH:1
end_of_record
SF:cvx/linalg/types.py
DA:14,1
DA:15,1
DA:16,1
DA:18,1
LF:4
LH:4
end_of_record
SF:cvx/linalg/valid.py
DA:16,1
DA:18,1
DA:20,1
DA:23,1
DA:32,1
DA:33,1
DA:35,1
DA:36,1
LF:8
LH:8
FN:23,36,valid
FNDA:1,valid
FNF:1
FNH:1
end_of_record
SF:cvx/markowitz/__init__.py
end_of_record
SF:cvx/markowitz/builder.py
DA:14,1
DA:16,1
DA:17,1
DA:18,1
DA:19,1
DA:20,1
DA:22,1
DA:23,1
DA:25,1
DA:26,1
DA:27,1
DA:28,1
DA:29,1
DA:30,1
DA:31,1
DA:32,1
DA:35,1
DA:38,1
DA:39,1
DA:42,1
DA:43,1
DA:44,1
DA:45,1
DA:47,1
DA:51,1
DA:52,1
DA:53,1
DA:54,1
DA:60,1
DA:62,1
DA:64,1
DA:68,1
DA:70,1
DA:71,1
DA:73,1
DA:75,1
DA:76,1
DA:77,1
DA:79,1
DA:80,1
DA:82,1
DA:83,1
DA:84,1
DA:85,1
DA:86,1
DA:88,1
DA:89,1
DA:90,1
DA:92,1
DA:93,1
DA:94,1
DA:96,1
DA:97,1
DA:98,1
DA:100,1
DA:101,1
DA:102,1
DA:104,1
DA:105,1
DA:106,1
DA:109,1
DA:110,1
DA:111,1
DA:112,1
DA:113,1
DA:114,1
DA:115,1
DA:116,1
DA:118,1
DA:120,1
DA:121,1
DA:124,1
DA:126,1
DA:128,1
DA:131,1
DA:133,1
DA:137,1
DA:140,1
DA:142,1
DA:143,1
DA:144,1
DA:149,1
DA:153,1
DA:154,1
DA:155,1
DA:157,1
DA:158,1
DA:160,1
DA:162,1
DA:163,1
DA:164,1
DA:166,1
DA:167,1
DA:168,1
DA:170,1
DA:171,1
DA:172,1
LF:97
LH:97
FN:35,39,deserialize
FNDA:1,deserialize
FN:47,62,_Problem.update
FNDA:1,_Problem.update
FN:64,73,_Problem.solve
FNDA:1,_Problem.solve
FN:76,77,_Problem.value
FNDA:1,_Problem.value
FN:79,80,_Problem.is_dpp
FNDA:1,_Problem.is_dpp
FN:83,86,_Problem.data
FNDA:1,_Problem.data
FN:89,90,_Problem.parameter
FNDA:1,_Problem.parameter
FN:93,94,_Problem.variables
FNDA:1,_Problem.variables
FN:97,98,_Problem.weights
FNDA:1,_Problem.weights
FN:101,102,_Problem.factor_weights
FNDA:1,_Problem.factor_weights
FN:104,106,_Problem.serialize
FNDA:1,_Problem.serialize
FN:118,140,Builder.__post_init__
FNDA:1,Builder.__post_init__
FN:144,147,Builder.objective
FNDA:0,Builder.objective
FN:149,160,Builder.build
FNDA:1,Builder.build
FN:163,164,Builder.weights
FNDA:1,Builder.weights
FN:167,168,Builder.risk
FNDA:1,Builder.risk
FN:171,172,Builder.factor_weights
FNDA:1,Builder.factor_weights
FNF:17
FNH:16
end_of_record
SF:cvx/markowitz/cvxerror.py
DA:14,1
DA:15,1
LF:2
LH:2
end_of_record
SF:cvx/markowitz/model.py
DA:16,1
DA:18,1
DA:19,1
DA:21,1
DA:23,1
DA:26,1
DA:27,1
DA:30,1
DA:31,1
DA:32,1
DA:34,1
DA:35,1
DA:40,1
DA:41,1
DA:46,1
DA:50,1
LF:16
LH:16
FN:35,38,Model.estimate
FNDA:0,Model.estimate
FN:41,44,Model.update
FNDA:0,Model.update
FN:46,50,Model.constraints
FNDA:1,Model.constraints
FNF:3
FNH:1
end_of_record
SF:cvx/markowitz/models/__init__.py
end_of_record
SF:cvx/markowitz/models/bounds.py
DA:16,1
DA:18,1
DA:20,1
DA:21,1
DA:23,1
DA:24,1
DA:25,1
DA:28,1
DA:29,1
DA:30,1
DA:31,1
DA:33,1
DA:35,1
DA:37,1
DA:38,1
DA:40,1
DA:41,1
DA:46,1
DA:52,1
DA:53,1
DA:54,1
DA:56,1
DA:57,1
LF:23
LH:23
FN:33,35,Bounds.estimate
FNDA:1,Bounds.estimate
FN:37,38,Bounds._f
FNDA:1,Bounds._f
FN:40,50,Bounds.__post_init__
FNDA:1,Bounds.__post_init__
FN:52,54,Bounds.update
FNDA:1,Bounds.update
FN:56,60,Bounds.constraints
FNDA:1,Bounds.constraints
FNF:5
FNH:5
end_of_record
SF:cvx/markowitz/models/expected_returns.py
DA:16,1
DA:18,1
DA:20,1
DA:21,1
DA:23,1
DA:24,1
DA:25,1
DA:26,1
DA:27,1
DA:30,1
DA:31,1
DA:34,1
DA:35,1
DA:42,1
DA:49,1
DA:50,1
DA:52,1
DA:53,1
DA:54,1
DA:57,1
DA:58,1
DA:59,1
DA:61,1
LF:23
LH:23
FN:34,47,ExpectedReturns.__post_init__
FNDA:1,ExpectedReturns.__post_init__
FN:49,50,ExpectedReturns.estimate
FNDA:1,ExpectedReturns.estimate
FN:52,61,ExpectedReturns.update
FNDA:1,ExpectedReturns.update
FNF:3
FNH:3
end_of_record
SF:cvx/markowitz/models/holding_costs.py
DA:16,1
DA:18,1
DA:20,1
DA:21,1
DA:23,1
DA:24,1
DA:25,1
DA:26,1
DA:29,1
DA:30,1
DA:33,1
DA:34,1
DA:36,1
DA:37,1
DA:39,1
DA:40,1
LF:16
LH:16
FN:33,34,HoldingCosts.__post_init__
FNDA:1,HoldingCosts.__post_init__
FN:36,37,HoldingCosts.estimate
FNDA:1,HoldingCosts.estimate
FN:39,40,HoldingCosts.update
FNDA:1,HoldingCosts.update
FNF:3
FNH:3
end_of_record
SF:cvx/markowitz/models/trading_costs.py
DA:16,1
DA:18,1
DA:20,1
DA:21,1
DA:23,1
DA:24,1
DA:25,1
DA:26,1
DA:29,1
DA:30,1
DA:33,1
DA:34,1
DA:37,1
DA:39,1
DA:40,1
DA:47,1
DA:48,1
LF:17
LH:17
FN:33,37,TradingCosts.__post_init__
FNDA:1,TradingCosts.__post_init__
FN:39,45,TradingCosts.estimate
FNDA:1,TradingCosts.estimate
FN:47,48,TradingCosts.update
FNDA:1,TradingCosts.update
FNF:3
FNH:3
end_of_record
SF:cvx/markowitz/names.py
DA:17,1
DA:18,1
DA:19,1
DA:20,1
DA:21,1
DA:22,1
DA:23,1
DA:24,1
DA:25,1
DA:26,1
DA:27,1
DA:28,1
DA:29,1
DA:30,1
DA:31,1
DA:32,1
DA:33,1
DA:34,1
DA:37,1
DA:38,1
DA:39,1
DA:40,1
DA:41,1
DA:44,1
DA:45,1
DA:46,1
DA:47,1
DA:48,1
DA:49,1
DA:52,1
DA:53,1
DA:54,1
DA:55,1
LF:33
LH:33
end_of_record
SF:cvx/markowitz/portfolios/__init__.py
end_of_record
SF:cvx/markowitz/portfolios/max_sharpe.py
DA:14,1
DA:16,1
DA:18,1
DA:20,1
DA:21,1
DA:22,1
DA:23,1
DA:24,1
DA:27,1
DA:28,1
DA:35,1
DA:36,1
DA:37,1
DA:39,1
DA:40,1
DA:42,1
DA:44,1
DA:46,1
DA:47,1
DA:48,1
LF:20
LH:20
FN:36,37,MaxSharpe.objective
FNDA:1,MaxSharpe.objective
FN:39,48,MaxSharpe.__post_init__
FNDA:1,MaxSharpe.__post_init__
FNF:2
FNH:2
end_of_record
SF:cvx/markowitz/portfolios/min_var.py
DA:14,1
DA:16,1
DA:18,1
DA:20,1
DA:21,1
DA:24,1
DA:25,1
DA:32,1
DA:33,1
DA:34,1
DA:36,1
DA:37,1
DA:38,1
DA:39,1
LF:14
LH:14
FN:33,34,MinVar.objective
FNDA:1,MinVar.objective
FN:36,39,MinVar.__post_init__
FNDA:1,MinVar.__post_init__
FNF:2
FNH:2
end_of_record
SF:cvx/markowitz/portfolios/soft_risk.py
DA:14,0
DA:16,0
DA:18,0
DA:20,0
DA:21,0
DA:22,0
DA:23,0
DA:24,0
DA:27,0
DA:28,0
DA:34,0
DA:35,0
DA:39,0
DA:40,0
DA:41,0
DA:42,0
DA:43,0
DA:45,0
DA:46,0
DA:48,0
DA:50,0
DA:52,0
DA:54,0
DA:55,0
DA:59,0
DA:60,0
DA:61,0
DA:62,0
LF:28
LH:0
FN:40,43,SoftRisk.objective
FNDA:0,SoftRisk.objective
FN:45,62,SoftRisk.__post_init__
FNDA:0,SoftRisk.__post_init__
FNF:2
FNH:0
end_of_record
SF:cvx/markowitz/portfolios/utils.py
DA:14,1
DA:16,1
DA:19,1
DA:22,1
DA:23,1
LF:5
LH:5
FN:19,23,approx
FNDA:1,approx
FNF:1
FNH:1
end_of_record
SF:cvx/markowitz/risk/__init__.py
DA:14,1
DA:16,1
DA:17,1
DA:18,1
LF:4
LH:4
end_of_record
SF:cvx/markowitz/risk/cvar/__init__.py
DA:14,1
DA:16,1
LF:2
LH:2
end_of_record
SF:cvx/markowitz/risk/cvar/cvar.py
DA:14,1
DA:16,1
DA:18,1
DA:19,1
DA:21,1
DA:22,1
DA:23,1
DA:24,1
DA:27,1
DA:28,1
DA:31,1
DA:32,1
DA:34,1
DA:36,1
DA:42,1
DA:49,1
DA:50,1
DA:52,1
DA:53,1
LF:19
LH:19
FN:34,40,CVar.__post_init__
FNDA:1,CVar.__post_init__
FN:42,50,CVar.estimate
FNDA:1,CVar.estimate
FN:52,53,CVar.update
FNDA:1,CVar.update
FNF:3
FNH:3
end_of_record
SF:cvx/markowitz/risk/factor/__init__.py
DA:14,1
DA:16,1
LF:2
LH:2
end_of_record
SF:cvx/markowitz/risk/factor/factor.py
DA:16,1
DA:18,1
DA:20,1
DA:21,1
DA:23,1
DA:24,1
DA:25,1
DA:26,1
DA:27,1
DA:30,1
DA:31,1
DA:34,1
DA:36,1
DA:37,1
DA:43,1
DA:49,1
DA:55,1
DA:62,1
DA:69,1
DA:73,1
DA:74,1
DA:76,1
DA:78,1
DA:79,1
DA:91,1
DA:92,1
DA:101,1
DA:103,1
DA:104,1
DA:105,1
DA:107,1
DA:108,1
DA:110,1
DA:111,1
DA:113,1
DA:114,1
DA:116,1
DA:117,1
DA:119,1
DA:120,1
DA:122,1
DA:123,1
DA:124,1
DA:127,1
DA:130,1
DA:134,1
DA:135,1
LF:47
LH:47
FN:36,67,FactorModel.__post_init__
FNDA:1,FactorModel.__post_init__
FN:69,76,FactorModel.estimate
FNDA:1,FactorModel.estimate
FN:78,89,FactorModel._residual_risk
FNDA:1,FactorModel._residual_risk
FN:91,99,FactorModel._systematic_risk
FNDA:1,FactorModel._systematic_risk
FN:101,132,FactorModel.update
FNDA:1,FactorModel.update
FN:134,138,FactorModel.constraints
FNDA:1,FactorModel.constraints
FNF:6
FNH:6
end_of_record
SF:cvx/markowitz/risk/sample/__init__.py
DA:14,1
DA:16,1
LF:2
LH:2
end_of_record
SF:cvx/markowitz/risk/sample/sample.py
DA:16,1
DA:18,1
DA:20,1
DA:21,1
DA:23,1
DA:24,1
DA:25,1
DA:26,1
DA:27,1
DA:30,1
DA:31,1
DA:34,1
DA:35,1
DA:41,1
DA:49,1
DA:53,1
DA:62,1
DA:63,1
DA:64,1
DA:66,1
DA:67,1
DA:69,1
DA:70,1
LF:23
LH:23
FN:34,46,SampleCovariance.__post_init__
FNDA:1,SampleCovariance.__post_init__
FN:49,60,SampleCovariance.estimate
FNDA:1,SampleCovariance.estimate
FN:62,67,SampleCovariance.update
FNDA:1,SampleCovariance.update
FN:69,72,SampleCovariance.constraints
FNDA:1,SampleCovariance.constraints
FNF:4
FNH:4
end_of_record
SF:cvx/markowitz/types.py
DA:14,1
DA:15,1
DA:17,1
DA:18,1
DA:19,1
DA:20,1
DA:22,1
DA:23,1
DA:24,1
DA:25,1
DA:26,1
DA:28,1
LF:12
LH:12
end_of_record
SF:cvx/markowitz/utils/__init__.py
end_of_record
SF:cvx/markowitz/utils/fill.py
DA:14,1
DA:16,1
DA:19,1
DA:23,1
DA:24,1
DA:25,1
DA:28,1
DA:33,1
DA:34,1
DA:35,1
DA:36,1
LF:11
LH:11
FN:19,25,fill_vector
FNDA:1,fill_vector
FN:28,36,fill_matrix
FNDA:1,fill_matrix
FNF:2
FNH:2
end_of_record
